<?xml version="1.0" encoding="UTF-8"?>
<!-- Generated by org.testng.reporters.JUnitReportReporter -->
<testsuite skipped="0" hostname="LAPTOP-NJFUNEJK" name="com.testcases.FlightPageTest" tests="12" failures="0" timestamp="2021-12-08T20:08:19 IST" time="418.015" errors="0">
  <testcase name="User_is_in_FlightPageTest" time="15.045" classname="com.testcases.FlightPageTest"/>
  <system-out/>
  <testcase name="SearchFlightTest" time="18.958" classname="com.testcases.FlightPageTest"/>
  <system-out/>
  <testcase name="SearchFlightTest" time="31.837" classname="com.testcases.FlightPageTest"/>
  <system-out/>
  <testcase name="SearchFlightTest" time="24.355" classname="com.testcases.FlightPageTest"/>
  <system-out/>
  <testcase name="SearchFlightTest" time="19.403" classname="com.testcases.FlightPageTest"/>
  <system-out/>
  <testcase name="SearchFlightTest" time="18.935" classname="com.testcases.FlightPageTest"/>
  <system-out/>
  <testcase name="SearchFlightTest" time="25.808" classname="com.testcases.FlightPageTest"/>
  <system-out/>
  <testcase name="BookFlightTest" time="45.040" classname="com.testcases.FlightPageTest"/>
  <system-out/>
  <testcase name="BookFlightTest" time="51.010" classname="com.testcases.FlightPageTest"/>
  <system-out/>
  <testcase name="BookFlightTest" time="54.413" classname="com.testcases.FlightPageTest"/>
  <system-out/>
  <testcase name="BookFlightTest" time="50.773" classname="com.testcases.FlightPageTest"/>
  <system-out/>
  <testcase name="BookFlightTest" time="62.438" classname="com.testcases.FlightPageTest"/>
  <system-out/>
</testsuite> <!-- com.testcases.FlightPageTest -->
