<?xml version="1.0" encoding="UTF-8"?>
<!-- Generated by org.testng.reporters.JUnitReportReporter -->
<testsuite skipped="0" hostname="LAPTOP-NJFUNEJK" name="com.testcases.LoginPageTest" tests="3" failures="0" timestamp="2021-12-08T20:08:19 IST" time="62.585" errors="0">
  <testcase name="validateTitleTest" time="12.949" classname="com.testcases.LoginPageTest"/>
  <system-out/>
  <testcase name="ValidorInvalidMobileNoTest" time="17.791" classname="com.testcases.LoginPageTest"/>
  <system-out/>
  <testcase name="ValidorInvalidMobileNoTest" time="31.845" classname="com.testcases.LoginPageTest"/>
  <system-out/>
</testsuite> <!-- com.testcases.LoginPageTest -->
